2017-Jan-10 22:41:26 Наличие необходимых модулей php (check_php_modules): Ok
Все необходимые модули установлены
2017-Jan-10 22:41:27 Обязательные параметры PHP (check_php_settings): Ok
Настройки правильные
2017-Jan-10 22:41:27 Модули веб-сервера (check_security): Ok
Конфликтов не выявлено
2017-Jan-10 22:41:27 Значения переменных сервера (check_server_vars): Ok
Корректные
2017-Jan-10 22:41:27 Сохранение сессии (check_session): Ok
50% done
2017-Jan-10 22:41:27 Сохранение сессии (check_session): Ok
Успешно
2017-Jan-10 22:41:27 Параметры настройки UTF (mbstring и константа BX_UTF) (check_mbstring): Ok
Правильные. Сайт работает в UTF кодировке
2017-Jan-10 22:41:27 Служебные скрипты в корне сайта (check_install_scripts): Ok
Отсутствуют
2017-Jan-10 22:41:27 Работа с сокетами (check_socket): Ok
Connection to ssl://skv-k.ru:443	Success

Успешно
2017-Jan-10 22:41:27 Выполнение агентов на cron (check_bx_crontab): Ok
Успешно
2017-Jan-10 22:41:27 Бизнес-чат в реальном времени (check_pull_stream): Ok
Connection to 127.0.0.1:5226	Success
Connection to ssl://skv-k.ru:443	Success
Connection to 127.0.0.1:5226	Success

Успешно
2017-Jan-10 22:41:27 Живые комментарии в ленте сообщений (check_pull_comments): Ok
Успешно
2017-Jan-10 22:41:28 Видеозвонки (check_turn): Ok
Connection to turn.calls.bitrix24.com:40001	Success

Доступны
2017-Jan-10 22:41:32 Мобильное приложение Битрикс24 (check_access_mobile): Ok
Connection to checker.internal.bitrix24.com:80	Success
== Request ==
GET /check/?license_hash=ee054a156a095bf850f0e0539a11dc45&host=skv-k.ru&port=443&https=Y HTTP/1.1
host: checker.internal.bitrix24.com


== Response ==
HTTP/1.1 200 OK
Content-Type: text/plain
Date: Tue, 10 Jan 2017 19:41:29 GMT
Server: nginx/1.8.1
X-Powered-By: PHP/5.3.3
Content-Length: 46
Connection: keep-alive

== Body ==
Check: OK
Status: 200
Connection: keep-alive

==========
Connection to checker.internal.bitrix24.com:80	Success
== Request ==
GET /check/?license_hash=ee054a156a095bf850f0e0539a11dc45&host=skv-k.ru&port=5225&https=Y HTTP/1.1
host: checker.internal.bitrix24.com


== Response ==
HTTP/1.1 200 OK
Content-Type: text/plain
Date: Tue, 10 Jan 2017 19:41:32 GMT
Server: nginx/1.8.1
X-Powered-By: PHP/5.3.3
Content-Length: 46
Connection: keep-alive

== Body ==
Check: OK
Status: 403
Connection: keep-alive

==========

Успешно
2017-Jan-10 22:41:33 Уведомления пользователям на мобильные устройства (push уведомления) (check_push_bitrix): Ok
Connection to ssl://cloud-messaging.bitrix24.com:443	Success

Успешно
2017-Jan-10 22:41:33 Работа с документами через Google Docs и MS Office Online (check_access_docs): Ok
Успешно
2017-Jan-10 22:41:33 Битрикс24.Диск. Быстрая работа с файлами (check_fast_download): Ok
Connection to ssl://skv-k.ru:443	Success

Успешно
2017-Jan-10 22:41:33 Поиск по содержимому документов (check_search): Ok
Успешно
2017-Jan-10 22:41:33 Отправка почтовых уведомлений (check_mail): Ok
Успешно
2017-Jan-10 22:41:34 Доступ к облачным сервисам 1С-Битрикс (check_ca_file): Ok
Успешно
2017-Jan-10 22:41:34 Интеграция с почтой внутри компании (check_connect_mail): Warning
Замечание. Интеграция с внешними почтовыми сервисами доступна, но ни один пользователь не выполнил настройку
2017-Jan-10 22:41:34 Интеграция с соцсетями (check_socnet): Warning
Замечание. Не настроена интеграция с bitrix24.net в настройках модуля социальных сервисов
2017-Jan-10 22:41:34 Работа с REST API (check_rest): Warning
Замечание. Не установлен модуль rest
2017-Jan-10 22:41:34 Публикация сообщений в живую ленту из почты (check_mail_push): Warning
Array
(
    [0] => mx.yandex.ru
)

Замечание. DNS настроен неправильно, должна быть одна MX запись: mail-001.bitrix24.com (настроено: mx.yandex.ru).
2017-Jan-10 22:41:34 Редактирование документов в MS Office (check_webdav): Ok
Connection to ssl://skv-k.ru:443	Success
Connection to ssl://skv-k.ru:443	Success
Connection to ssl://skv-k.ru:443	Success
Connection to ssl://skv-k.ru:443	Success
Connection to ssl://skv-k.ru:443	Success

Успешно
2017-Jan-10 22:41:34 Интеграция с внешними приложениями (MS Office, Outlook, Exchange) через безопасное подключение к порталу (check_socket_ssl): Ok
Connection to ssl://skv-k.ru:443 (certificate check enabled)	Success

Успешно
2017-Jan-10 22:41:34 Интеграция с Active Directory (check_ad): Warning
Замечание. Модуль ldap не установлен
2017-Jan-10 22:41:34 Единая авторизация в Windows сети (NTLM) (check_ntlm): Warning
Замечание. Модуль ldap не установлен
2017-Jan-10 22:41:35 Оценка производительности сервера (check_perf): Ok
Connection to ssl://skv-k.ru:443	Success
Connection to ssl://skv-k.ru:443	Success
Connection to ssl://skv-k.ru:443	Success

Высокая (96.77 страниц в секунду)
2017-Jan-10 22:41:35 Ускорение открытия страниц (check_compression): Ok
Connection to ssl://skv-k.ru:443	Success

Работает: используется сжатие модулем сервера
